<?xml version="1.0" encoding="UTF-8"?>
<testsuite name="SILab2test" tests="2" skipped="0" failures="0" errors="0" timestamp="2022-05-29T01:03:01" hostname="ANE" time="0.024">
  <properties/>
  <testcase name="everyStatementTestCriteria()" classname="SILab2test" time="0.021"/>
  <testcase name="everyBranchTestCriteria()" classname="SILab2test" time="0.002"/>
  <system-out><![CDATA[BeforeAll init() method called
After All cleanUp() method called
]]></system-out>
  <system-err><![CDATA[]]></system-err>
</testsuite>
